Watching for file changes with StatReloader
Not Found: /api/v1/
[08/Sep/2025 02:12:53] "GET /api/v1/ HTTP/1.1" 404 4116
Not Found: /api/v1/
[08/Sep/2025 02:13:09] "GET /api/v1/ HTTP/1.1" 404 4116
Not Found: /api/v1/
[08/Sep/2025 02:13:12] "GET /api/v1/ HTTP/1.1" 404 4116
[08/Sep/2025 02:13:14] "GET /admin/ HTTP/1.1" 302 0
Unauthorized: /api/v1/customers/
[08/Sep/2025 02:13:16] "GET /api/v1/customers/ HTTP/1.1" 401 85
[08/Sep/2025 02:13:18] "POST /api/v1/auth/login/ HTTP/1.1" 200 705
[08/Sep/2025 02:13:21] "POST /api/v1/auth/token/ HTTP/1.1" 200 857
[08/Sep/2025 02:13:25] "GET /api/v1/customers/ HTTP/1.1" 200 199
Not Found: /api/v1/
[08/Sep/2025 02:14:54] "GET /api/v1/ HTTP/1.1" 404 4116
[08/Sep/2025 02:15:03] "GET /admin/ HTTP/1.1" 302 0
[08/Sep/2025 02:34:26] "GET /admin/ HTTP/1.1" 302 0
[08/Sep/2025 11:32:45] "GET /admin/ HTTP/1.1" 302 0
[08/Sep/2025 11:45:20] "GET /admin/ HTTP/1.1" 302 0
[08/Sep/2025 11:50:26] "GET /admin/ HTTP/1.1" 302 0
